# JRE version: OpenJDK Runtime Environment Temurin-17.0.13+11 (17.0.13+11) (build 17.0.13+11)
# Java VM: OpenJDK 64-Bit Server VM Temurin-17.0.13+11 (17.0.13+11, mixed mode, tiered, compressed oops, compressed class ptrs, parallel gc, windows-amd64)
GC Precious Log:
 CPUs: 20 total, 20 available
 Memory: 32632M
 Large Page Support: Disabled
 NUMA Support: Disabled
 Compressed Oops: Enabled (32-bit)
 Alignments: Space 512K, Generation 512K, Heap 2M
 Heap Min Capacity: 100M
 Heap Initial Capacity: 100M
 Heap Max Capacity: 1G
 Pre-touch: Disabled
 Parallel Workers: 15
Heap:
 PSYoungGen      total 23552K, used 17368K [0x00000000eab00000, 0x00000000eca80000, 0x0000000100000000)
  eden space 20992K, 70% used [0x00000000eab00000,0x00000000eb977fa0,0x00000000ebf80000)
  from space 2560K, 99% used [0x00000000ebf80000,0x00000000ec1fe440,0x00000000ec200000)
  to   space 5632K, 0% used [0x00000000ec500000,0x00000000ec500000,0x00000000eca80000)
 ParOldGen       total 68608K, used 26769K [0x00000000c0000000, 0x00000000c4300000, 0x00000000eab00000)
  object space 68608K, 39% used [0x00000000c0000000,0x00000000c1a24780,0x00000000c4300000)
 Metaspace       used 47506K, committed 48512K, reserved 1114112K
  class space    used 4889K, committed 5312K, reserved 1048576K
GC Heap History (20 events):
Event: 7.602 GC heap before
{Heap before GC invocations=11 (full 1):
 PSYoungGen      total 25600K, used 25396K [0x00000000eab00000, 0x00000000ec880000, 0x0000000100000000)
  eden space 23552K, 100% used [0x00000000eab00000,0x00000000ec200000,0x00000000ec200000)
  from space 2048K, 90% used [0x00000000ec280000,0x00000000ec44d120,0x00000000ec480000)
  to   space 2560K, 0% used [0x00000000ec600000,0x00000000ec600000,0x00000000ec880000)
 ParOldGen       total 68608K, used 13031K [0x00000000c0000000, 0x00000000c4300000, 0x00000000eab00000)
  object space 68608K, 18% used [0x00000000c0000000,0x00000000c0cb9ec8,0x00000000c4300000)
 Metaspace       used 34821K, committed 35456K, reserved 1114112K
  class space    used 3374K, committed 3648K, reserved 1048576K
}
Event: 7.603 GC heap after
{Heap after GC invocations=11 (full 1):
 PSYoungGen      total 25600K, used 2558K [0x00000000eab00000, 0x00000000eca80000, 0x0000000100000000)
  eden space 23040K, 0% used [0x00000000eab00000,0x00000000eab00000,0x00000000ec180000)
  from space 2560K, 99% used [0x00000000ec600000,0x00000000ec87f9c0,0x00000000ec880000)
  to   space 4608K, 0% used [0x00000000ec180000,0x00000000ec180000,0x00000000ec600000)
 ParOldGen       total 68608K, used 14550K [0x00000000c0000000, 0x00000000c4300000, 0x00000000eab00000)
  object space 68608K, 21% used [0x00000000c0000000,0x00000000c0e35ab8,0x00000000c4300000)
 Metaspace       used 34821K, committed 35456K, reserved 1114112K
  class space    used 3374K, committed 3648K, reserved 1048576K
}
Event: 7.615 GC heap before
{Heap before GC invocations=12 (full 1):
 PSYoungGen      total 25600K, used 4337K [0x00000000eab00000, 0x00000000eca80000, 0x0000000100000000)
  eden space 23040K, 7% used [0x00000000eab00000,0x00000000eacbca60,0x00000000ec180000)
  from space 2560K, 99% used [0x00000000ec600000,0x00000000ec87f9c0,0x00000000ec880000)
  to   space 4608K, 0% used [0x00000000ec180000,0x00000000ec180000,0x00000000ec600000)
 ParOldGen       total 68608K, used 14550K [0x00000000c0000000, 0x00000000c4300000, 0x00000000eab00000)
  object space 68608K, 21% used [0x00000000c0000000,0x00000000c0e35ab8,0x00000000c4300000)
 Metaspace       used 35142K, committed 35840K, reserved 1114112K
  class space    used 3393K, committed 3648K, reserved 1048576K
}
Event: 7.616 GC heap after
{Heap after GC invocations=12 (full 1):
 PSYoungGen      total 23552K, used 320K [0x00000000eab00000, 0x00000000ec680000, 0x0000000100000000)
  eden space 23040K, 0% used [0x00000000eab00000,0x00000000eab00000,0x00000000ec180000)
  from space 512K, 62% used [0x00000000ec180000,0x00000000ec1d0000,0x00000000ec200000)
  to   space 2048K, 0% used [0x00000000ec480000,0x00000000ec480000,0x00000000ec680000)
 ParOldGen       total 68608K, used 17036K [0x00000000c0000000, 0x00000000c4300000, 0x00000000eab00000)
  object space 68608K, 24% used [0x00000000c0000000,0x00000000c10a3218,0x00000000c4300000)
 Metaspace       used 35142K, committed 35840K, reserved 1114112K
  class space    used 3393K, committed 3648K, reserved 1048576K
}
Event: 7.616 GC heap before
{Heap before GC invocations=13 (full 2):
 PSYoungGen      total 23552K, used 320K [0x00000000eab00000, 0x00000000ec680000, 0x0000000100000000)
  eden space 23040K, 0% used [0x00000000eab00000,0x00000000eab00000,0x00000000ec180000)
  from space 512K, 62% used [0x00000000ec180000,0x00000000ec1d0000,0x00000000ec200000)
  to   space 2048K, 0% used [0x00000000ec480000,0x00000000ec480000,0x00000000ec680000)
 ParOldGen       total 68608K, used 17036K [0x00000000c0000000, 0x00000000c4300000, 0x00000000eab00000)
  object space 68608K, 24% used [0x00000000c0000000,0x00000000c10a3218,0x00000000c4300000)
 Metaspace       used 35142K, committed 35840K, reserved 1114112K
  class space    used 3393K, committed 3648K, reserved 1048576K
}
Event: 7.632 GC heap after
{Heap after GC invocations=13 (full 2):
 PSYoungGen      total 23552K, used 0K [0x00000000eab00000, 0x00000000ec680000, 0x0000000100000000)
  eden space 23040K, 0% used [0x00000000eab00000,0x00000000eab00000,0x00000000ec180000)
  from space 512K, 0% used [0x00000000ec180000,0x00000000ec180000,0x00000000ec200000)
  to   space 2048K, 0% used [0x00000000ec480000,0x00000000ec480000,0x00000000ec680000)
 ParOldGen       total 68608K, used 14891K [0x00000000c0000000, 0x00000000c4300000, 0x00000000eab00000)
  object space 68608K, 21% used [0x00000000c0000000,0x00000000c0e8af20,0x00000000c4300000)
 Metaspace       used 35129K, committed 35840K, reserved 1114112K
  class space    used 3390K, committed 3648K, reserved 1048576K
}
Event: 7.782 GC heap before
{Heap before GC invocations=14 (full 2):
 PSYoungGen      total 23552K, used 23040K [0x00000000eab00000, 0x00000000ec680000, 0x0000000100000000)
  eden space 23040K, 100% used [0x00000000eab00000,0x00000000ec180000,0x00000000ec180000)
  from space 512K, 0% used [0x00000000ec180000,0x00000000ec180000,0x00000000ec200000)
  to   space 2048K, 0% used [0x00000000ec480000,0x00000000ec480000,0x00000000ec680000)
 ParOldGen       total 68608K, used 14891K [0x00000000c0000000, 0x00000000c4300000, 0x00000000eab00000)
  object space 68608K, 21% used [0x00000000c0000000,0x00000000c0e8af20,0x00000000c4300000)
 Metaspace       used 38246K, committed 39104K, reserved 1114112K
  class space    used 3778K, committed 4096K, reserved 1048576K
}
Event: 7.783 GC heap after
{Heap after GC invocations=14 (full 2):
 PSYoungGen      total 24064K, used 1234K [0x00000000eab00000, 0x00000000ec600000, 0x0000000100000000)
  eden space 22528K, 0% used [0x00000000eab00000,0x00000000eab00000,0x00000000ec100000)
  from space 1536K, 80% used [0x00000000ec480000,0x00000000ec5b4aa0,0x00000000ec600000)
  to   space 1536K, 0% used [0x00000000ec300000,0x00000000ec300000,0x00000000ec480000)
 ParOldGen       total 68608K, used 14899K [0x00000000c0000000, 0x00000000c4300000, 0x00000000eab00000)
  object space 68608K, 21% used [0x00000000c0000000,0x00000000c0e8cf20,0x00000000c4300000)
 Metaspace       used 38246K, committed 39104K, reserved 1114112K
  class space    used 3778K, committed 4096K, reserved 1048576K
}
Event: 7.871 GC heap before
{Heap before GC invocations=15 (full 2):
 PSYoungGen      total 24064K, used 23762K [0x00000000eab00000, 0x00000000ec600000, 0x0000000100000000)
  eden space 22528K, 100% used [0x00000000eab00000,0x00000000ec100000,0x00000000ec100000)
  from space 1536K, 80% used [0x00000000ec480000,0x00000000ec5b4aa0,0x00000000ec600000)
  to   space 1536K, 0% used [0x00000000ec300000,0x00000000ec300000,0x00000000ec480000)
 ParOldGen       total 68608K, used 14899K [0x00000000c0000000, 0x00000000c4300000, 0x00000000eab00000)
  object space 68608K, 21% used [0x00000000c0000000,0x00000000c0e8cf20,0x00000000c4300000)
 Metaspace       used 40633K, committed 41600K, reserved 1114112K
  class space    used 4058K, committed 4416K, reserved 1048576K
}
Event: 7.872 GC heap after
{Heap after GC invocations=15 (full 2):
 PSYoungGen      total 23552K, used 1533K [0x00000000eab00000, 0x00000000ec780000, 0x0000000100000000)
  eden space 22016K, 0% used [0x00000000eab00000,0x00000000eab00000,0x00000000ec080000)
  from space 1536K, 99% used [0x00000000ec300000,0x00000000ec47f540,0x00000000ec480000)
  to   space 3072K, 0% used [0x00000000ec480000,0x00000000ec480000,0x00000000ec780000)
 ParOldGen       total 68608K, used 16496K [0x00000000c0000000, 0x00000000c4300000, 0x00000000eab00000)
  object space 68608K, 24% used [0x00000000c0000000,0x00000000c101c230,0x00000000c4300000)
 Metaspace       used 40633K, committed 41600K, reserved 1114112K
  class space    used 4058K, committed 4416K, reserved 1048576K
}
Event: 7.924 GC heap before
{Heap before GC invocations=16 (full 2):
 PSYoungGen      total 23552K, used 23549K [0x00000000eab00000, 0x00000000ec780000, 0x0000000100000000)
  eden space 22016K, 99% used [0x00000000eab00000,0x00000000ec07ff98,0x00000000ec080000)
  from space 1536K, 99% used [0x00000000ec300000,0x00000000ec47f540,0x00000000ec480000)
  to   space 3072K, 0% used [0x00000000ec480000,0x00000000ec480000,0x00000000ec780000)
 ParOldGen       total 68608K, used 16496K [0x00000000c0000000, 0x00000000c4300000, 0x00000000eab00000)
  object space 68608K, 24% used [0x00000000c0000000,0x00000000c101c230,0x00000000c4300000)
 Metaspace       used 41901K, committed 42880K, reserved 1114112K
  class space    used 4198K, committed 4608K, reserved 1048576K
}
Event: 7.925 GC heap after
{Heap after GC invocations=16 (full 2):
 PSYoungGen      total 24064K, used 1816K [0x00000000eab00000, 0x00000000ec680000, 0x0000000100000000)
  eden space 22016K, 0% used [0x00000000eab00000,0x00000000eab00000,0x00000000ec080000)
  from space 2048K, 88% used [0x00000000ec480000,0x00000000ec646220,0x00000000ec680000)
  to   space 2560K, 0% used [0x00000000ec180000,0x00000000ec180000,0x00000000ec400000)
 ParOldGen       total 68608K, used 17989K [0x00000000c0000000, 0x00000000c4300000, 0x00000000eab00000)
  object space 68608K, 26% used [0x00000000c0000000,0x00000000c1191770,0x00000000c4300000)
 Metaspace       used 41901K, committed 42880K, reserved 1114112K
  class space    used 4198K, committed 4608K, reserved 1048576K
}
Event: 7.970 GC heap before
{Heap before GC invocations=17 (full 2):
 PSYoungGen      total 24064K, used 23832K [0x00000000eab00000, 0x00000000ec680000, 0x0000000100000000)
  eden space 22016K, 100% used [0x00000000eab00000,0x00000000ec080000,0x00000000ec080000)
  from space 2048K, 88% used [0x00000000ec480000,0x00000000ec646220,0x00000000ec680000)
  to   space 2560K, 0% used [0x00000000ec180000,0x00000000ec180000,0x00000000ec400000)
 ParOldGen       total 68608K, used 17989K [0x00000000c0000000, 0x00000000c4300000, 0x00000000eab00000)
  object space 68608K, 26% used [0x00000000c0000000,0x00000000c1191770,0x00000000c4300000)
 Metaspace       used 42717K, committed 43712K, reserved 1114112K
  class space    used 4281K, committed 4672K, reserved 1048576K
}
Event: 7.972 GC heap after
{Heap after GC invocations=17 (full 2):
 PSYoungGen      total 24064K, used 1969K [0x00000000eab00000, 0x00000000ec500000, 0x0000000100000000)
  eden space 22016K, 0% used [0x00000000eab00000,0x00000000eab00000,0x00000000ec080000)
  from space 2048K, 96% used [0x00000000ec180000,0x00000000ec36c410,0x00000000ec380000)
  to   space 1536K, 0% used [0x00000000ec380000,0x00000000ec380000,0x00000000ec500000)
 ParOldGen       total 68608K, used 19469K [0x00000000c0000000, 0x00000000c4300000, 0x00000000eab00000)
  object space 68608K, 28% used [0x00000000c0000000,0x00000000c1303780,0x00000000c4300000)
 Metaspace       used 42717K, committed 43712K, reserved 1114112K
  class space    used 4281K, committed 4672K, reserved 1048576K
}
Event: 8.006 GC heap before
{Heap before GC invocations=18 (full 2):
 PSYoungGen      total 24064K, used 23985K [0x00000000eab00000, 0x00000000ec500000, 0x0000000100000000)
  eden space 22016K, 100% used [0x00000000eab00000,0x00000000ec080000,0x00000000ec080000)
  from space 2048K, 96% used [0x00000000ec180000,0x00000000ec36c410,0x00000000ec380000)
  to   space 1536K, 0% used [0x00000000ec380000,0x00000000ec380000,0x00000000ec500000)
 ParOldGen       total 68608K, used 19469K [0x00000000c0000000, 0x00000000c4300000, 0x00000000eab00000)
  object space 68608K, 28% used [0x00000000c0000000,0x00000000c1303780,0x00000000c4300000)
 Metaspace       used 43165K, committed 44160K, reserved 1114112K
  class space    used 4350K, committed 4736K, reserved 1048576K
}
Event: 8.007 GC heap after
{Heap after GC invocations=18 (full 2):
 PSYoungGen      total 22528K, used 1536K [0x00000000eab00000, 0x00000000ec880000, 0x0000000100000000)
  eden space 20992K, 0% used [0x00000000eab00000,0x00000000eab00000,0x00000000ebf80000)
  from space 1536K, 100% used [0x00000000ec380000,0x00000000ec500000,0x00000000ec500000)
  to   space 4096K, 0% used [0x00000000ebf80000,0x00000000ebf80000,0x00000000ec380000)
 ParOldGen       total 68608K, used 21350K [0x00000000c0000000, 0x00000000c4300000, 0x00000000eab00000)
  object space 68608K, 31% used [0x00000000c0000000,0x00000000c14d9810,0x00000000c4300000)
 Metaspace       used 43165K, committed 44160K, reserved 1114112K
  class space    used 4350K, committed 4736K, reserved 1048576K
}
Event: 8.095 GC heap before
{Heap before GC invocations=19 (full 2):
 PSYoungGen      total 22528K, used 22528K [0x00000000eab00000, 0x00000000ec880000, 0x0000000100000000)
  eden space 20992K, 100% used [0x00000000eab00000,0x00000000ebf80000,0x00000000ebf80000)
  from space 1536K, 100% used [0x00000000ec380000,0x00000000ec500000,0x00000000ec500000)
  to   space 4096K, 0% used [0x00000000ebf80000,0x00000000ebf80000,0x00000000ec380000)
 ParOldGen       total 68608K, used 21350K [0x00000000c0000000, 0x00000000c4300000, 0x00000000eab00000)
  object space 68608K, 31% used [0x00000000c0000000,0x00000000c14d9810,0x00000000c4300000)
 Metaspace       used 45092K, committed 46016K, reserved 1114112K
  class space    used 4597K, committed 4992K, reserved 1048576K
}
Event: 8.097 GC heap after
{Heap after GC invocations=19 (full 2):
 PSYoungGen      total 23040K, used 1805K [0x00000000eab00000, 0x00000000ec480000, 0x0000000100000000)
  eden space 20992K, 0% used [0x00000000eab00000,0x00000000eab00000,0x00000000ebf80000)
  from space 2048K, 88% used [0x00000000ebf80000,0x00000000ec143520,0x00000000ec180000)
  to   space 2560K, 0% used [0x00000000ec200000,0x00000000ec200000,0x00000000ec480000)
 ParOldGen       total 68608K, used 22822K [0x00000000c0000000, 0x00000000c4300000, 0x00000000eab00000)
  object space 68608K, 33% used [0x00000000c0000000,0x00000000c1649810,0x00000000c4300000)
 Metaspace       used 45092K, committed 46016K, reserved 1114112K
  class space    used 4597K, committed 4992K, reserved 1048576K
}
Event: 8.180 GC heap before
{Heap before GC invocations=20 (full 2):
 PSYoungGen      total 23040K, used 22797K [0x00000000eab00000, 0x00000000ec480000, 0x0000000100000000)
  eden space 20992K, 100% used [0x00000000eab00000,0x00000000ebf80000,0x00000000ebf80000)
  from space 2048K, 88% used [0x00000000ebf80000,0x00000000ec143520,0x00000000ec180000)
  to   space 2560K, 0% used [0x00000000ec200000,0x00000000ec200000,0x00000000ec480000)
 ParOldGen       total 68608K, used 22822K [0x00000000c0000000, 0x00000000c4300000, 0x00000000eab00000)
  object space 68608K, 33% used [0x00000000c0000000,0x00000000c1649810,0x00000000c4300000)
 Metaspace       used 46338K, committed 47360K, reserved 1114112K
  class space    used 4749K, committed 5184K, reserved 1048576K
}
Event: 8.181 GC heap after
{Heap after GC invocations=20 (full 2):
 PSYoungGen      total 23552K, used 2143K [0x00000000eab00000, 0x00000000ec480000, 0x0000000100000000)
  eden space 20992K, 0% used [0x00000000eab00000,0x00000000eab00000,0x00000000ebf80000)
  from space 2560K, 83% used [0x00000000ec200000,0x00000000ec417e08,0x00000000ec480000)
  to   space 2560K, 0% used [0x00000000ebf80000,0x00000000ebf80000,0x00000000ec200000)
 ParOldGen       total 68608K, used 24489K [0x00000000c0000000, 0x00000000c4300000, 0x00000000eab00000)
  object space 68608K, 35% used [0x00000000c0000000,0x00000000c17ea4b8,0x00000000c4300000)
 Metaspace       used 46338K, committed 47360K, reserved 1114112K
  class space    used 4749K, committed 5184K, reserved 1048576K
}

